#
# There is insufficient memory for the Java Runtime Environment to continue.
# Native memory allocation (malloc) failed to allocate 32744 bytes for ChunkPool::allocate
# Possible reasons:
#   The system is out of physical RAM or swap space
#   The process is running with CompressedOops enabled, and the Java Heap may be blocking the growth of the native heap
# Possible solutions:
#   Reduce memory load on the system
#   Increase physical memory or swap space
#   Check if swap backing store is full
#   Decrease Java heap size (-Xmx/-Xms)
#   Decrease number of Java threads
#   Decrease Java thread stack sizes (-Xss)
#   Set larger code cache with -XX:ReservedCodeCacheSize=
#   JVM is running with Zero Based Compressed Oops mode in which the Java heap is
#     placed in the first 32GB address space. The Java Heap base address is the
#     maximum limit for the native heap growth. Please use -XX:HeapBaseMinAddress
#     to set the Java Heap base and to place the Java Heap above 32GB virtual address.
# This output file may be truncated or incomplete.
#
#  Out of Memory Error (allocation.cpp:272), pid=21616, tid=0x0000000000001fac
#
# JRE version: Java(TM) SE Runtime Environment (8.0_281-b09) (build 1.8.0_281-b09)
# Java VM: Java HotSpot(TM) 64-Bit Server VM (25.281-b09 mixed mode windows-amd64 compressed oops)
# Failed to write core dump. Minidumps are not enabled by default on client versions of Windows
#

---------------  T H R E A D  ---------------

Current thread (0x000001f5b792d800):  JavaThread "C1 CompilerThread3" daemon [_thread_in_native, id=8108, stack(0x0000005fa0200000,0x0000005fa0300000)]

Stack: [0x0000005fa0200000,0x0000005fa0300000]
Native frames: (J=compiled Java code, j=interpreted, Vv=VM code, C=native code)
V  [jvm.dll+0x32e5b9]


Current CompileTask:
C1:    478   52   !   3       sun.nio.cs.ext.DoubleByte$Encoder::encodeArrayLoop (409 bytes)


---------------  P R O C E S S  ---------------

Java Threads: ( => current thread )
  0x000001f5b7932800 JavaThread "Service Thread" daemon [_thread_blocked, id=26480, stack(0x0000005fa0300000,0x0000005fa0400000)]
=>0x000001f5b792d800 JavaThread "C1 CompilerThread3" daemon [_thread_in_native, id=8108, stack(0x0000005fa0200000,0x0000005fa0300000)]
  0x000001f5b792b000 JavaThread "C2 CompilerThread2" daemon [_thread_blocked, id=13096, stack(0x0000005fa0100000,0x0000005fa0200000)]
  0x000001f5b791e800 JavaThread "C2 CompilerThread1" daemon [_thread_blocked, id=13712, stack(0x0000005fa0000000,0x0000005fa0100000)]
  0x000001f5b78f2800 JavaThread "C2 CompilerThread0" daemon [_thread_blocked, id=10352, stack(0x0000005f9ff00000,0x0000005fa0000000)]
  0x000001f5b6156000 JavaThread "Attach Listener" daemon [_thread_blocked, id=25436, stack(0x0000005f9fe00000,0x0000005f9ff00000)]
  0x000001f5b6155000 JavaThread "Signal Dispatcher" daemon [_thread_blocked, id=15828, stack(0x0000005f9fd00000,0x0000005f9fe00000)]
  0x000001f5b6138800 JavaThread "Finalizer" daemon [_thread_blocked, id=31580, stack(0x0000005f9fc00000,0x0000005f9fd00000)]
  0x000001f5b610e000 JavaThread "Reference Handler" daemon [_thread_blocked, id=26412, stack(0x0000005f9fb00000,0x0000005f9fc00000)]
  0x000001f59a5ab800 JavaThread "main" [_thread_in_native, id=19452, stack(0x0000005f9ef00000,0x0000005f9f000000)]

Other Threads:
  0x000001f5b6103000 VMThread [stack: 0x0000005f9fa00000,0x0000005f9fb00000] [id=28944]
  0x000001f5b7952800 WatcherThread [stack: 0x0000005fa0400000,0x0000005fa0500000] [id=21596]

VM state:not at safepoint (normal execution)

VM Mutex/Monitor currently owned by a thread: None

heap address: 0x00000006c1600000, size: 4074 MB, Compressed Oops mode: Zero based, Oop shift amount: 3
Narrow klass base: 0x0000000000000000, Narrow klass shift: 3
Compressed class space size: 1073741824 Address: 0x00000007c0000000

Heap:
 PSYoungGen      total 76288K, used 2621K [0x000000076b200000, 0x0000000770700000, 0x00000007c0000000)
  eden space 65536K, 4% used [0x000000076b200000,0x000000076b48f5e8,0x000000076f200000)
  from space 10752K, 0% used [0x000000076fc80000,0x000000076fc80000,0x0000000770700000)
  to   space 10752K, 0% used [0x000000076f200000,0x000000076f200000,0x000000076fc80000)
 ParOldGen       total 175104K, used 0K [0x00000006c1600000, 0x00000006cc100000, 0x000000076b200000)
  object space 175104K, 0% used [0x00000006c1600000,0x00000006c1600000,0x00000006cc100000)
 Metaspace       used 2619K, capacity 4486K, committed 4864K, reserved 1056768K
  class space    used 282K, capacity 386K, committed 512K, reserved 1048576K

Card table byte_map: [0x000001f5ab520000,0x000001f5abd20000] byte_map_base: 0x000001f5a7f15000

Marking Bits: (ParMarkBitMap*) 0x0000000067b86ff0
 Begin Bits: [0x000001f5ac270000, 0x000001f5b0218000)
 End Bits:   [0x000001f5b0218000, 0x000001f5b41c0000)

Polling page: 0x000001f59a8b0000

CodeCache: size=245760Kb used=1150Kb max_used=1161Kb free=244609Kb
 bounds [0x000001f59c160000, 0x000001f59c3d0000, 0x000001f5ab160000]
 total_blobs=287 nmethods=48 adapters=153
 compilation: enabled

Compilation events (10 events):
Event: 0.472 Thread 0x000001f5b792d800   42   !   3       java.nio.CharBuffer::wrap (20 bytes)
Event: 0.472 Thread 0x000001f5b792d800 nmethod 42 0x000001f59c27d710 code [0x000001f59c27d8a0, 0x000001f59c27dc40]
Event: 0.473 Thread 0x000001f5b792d800   44       3       java.nio.CharBuffer::hasArray (20 bytes)
Event: 0.473 Thread 0x000001f5b792d800 nmethod 44 0x000001f59c27de90 code [0x000001f59c27dfe0, 0x000001f59c27e1d8]
Event: 0.473 Thread 0x000001f5b792d800   45       3       java.nio.ByteBuffer::hasArray (20 bytes)
Event: 0.473 Thread 0x000001f5b792d800 nmethod 45 0x000001f59c27e650 code [0x000001f59c27e7a0, 0x000001f59c27e998]
Event: 0.473 Thread 0x000001f5b792d800   50   !   3       java.io.BufferedWriter::write (117 bytes)
Event: 0.474 Thread 0x000001f5b792d800 nmethod 50 0x000001f59c27ea10 code [0x000001f59c27ebe0, 0x000001f59c27f310]
Event: 0.474 Thread 0x000001f5b792d800   52   !   3       sun.nio.cs.ext.DoubleByte$Encoder::encodeArrayLoop (409 bytes)
Event: 0.475 Thread 0x000001f5b792b000   58       4       sun.nio.cs.ext.DoubleByte$Encoder::encodeChar (21 bytes)

GC Heap History (0 events):
No events

Deoptimization events (0 events):
No events

Classes redefined (0 events):
No events

Internal exceptions (2 events):
Event: 0.144 Thread 0x000001f59a5ab800 Exception <a 'java/lang/NoSuchMethodError': Method sun.misc.Unsafe.defineClass(Ljava/lang/String;[BII)Ljava/lang/Class; name or signature does not match> (0x000000076b207cc0) thrown at [C:\jenkins\workspace\8-2-build-windows-amd64-cygwin\jdk8u281\880\hots
Event: 0.144 Thread 0x000001f59a5ab800 Exception <a 'java/lang/NoSuchMethodError': Method sun.misc.Unsafe.prefetchRead(Ljava/lang/Object;J)V name or signature does not match> (0x000000076b207fa8) thrown at [C:\jenkins\workspace\8-2-build-windows-amd64-cygwin\jdk8u281\880\hotspot\src\share\vm\p

Events (10 events):
Event: 0.390 loading class java/security/BasicPermissionCollection
Event: 0.390 loading class java/security/BasicPermissionCollection done
Event: 0.391 loading class sun/launcher/LauncherHelper$FXHelper
Event: 0.391 loading class sun/launcher/LauncherHelper$FXHelper done
Event: 0.391 loading class java/lang/Class$MethodArray
Event: 0.391 loading class java/lang/Class$MethodArray done
Event: 0.391 loading class java/lang/Void
Event: 0.391 loading class java/lang/Void done
Event: 0.391 loading class java/util/Random
Event: 0.391 loading class java/util/Random done


Dynamic libraries:
0x00007ff68c920000 - 0x00007ff68c967000 	C:\Program Files\Java\jre1.8.0_281\bin\javaw.exe
0x00007ffbf0400000 - 0x00007ffbf0609000 	C:\WINDOWS\SYSTEM32\ntdll.dll
0x00007ffbefa20000 - 0x00007ffbefadd000 	C:\WINDOWS\System32\KERNEL32.DLL
0x00007ffbed960000 - 0x00007ffbedcd9000 	C:\WINDOWS\System32\KERNELBASE.dll
0x00007ffbeaa00000 - 0x00007ffbeaa91000 	C:\WINDOWS\SYSTEM32\apphelp.dll
0x00007ffbef960000 - 0x00007ffbefa0e000 	C:\WINDOWS\System32\ADVAPI32.dll
0x00007ffbeff80000 - 0x00007ffbf0023000 	C:\WINDOWS\System32\msvcrt.dll
0x00007ffbf0230000 - 0x00007ffbf02ce000 	C:\WINDOWS\System32\sechost.dll
0x00007ffbef1d0000 - 0x00007ffbef2f0000 	C:\WINDOWS\System32\RPCRT4.dll
0x00007ffbefcb0000 - 0x00007ffbefe5c000 	C:\WINDOWS\System32\USER32.dll
0x00007ffbedd80000 - 0x00007ffbedda6000 	C:\WINDOWS\System32\win32u.dll
0x00007ffbf0040000 - 0x00007ffbf0069000 	C:\WINDOWS\System32\GDI32.dll
0x00007ffbee000000 - 0x00007ffbee112000 	C:\WINDOWS\System32\gdi32full.dll
0x00007ffbedce0000 - 0x00007ffbedd7d000 	C:\WINDOWS\System32\msvcp_win.dll
0x00007ffbeddb0000 - 0x00007ffbedec1000 	C:\WINDOWS\System32\ucrtbase.dll
0x00007ffbd0930000 - 0x00007ffbd0bd5000 	C:\WINDOWS\WinSxS\amd64_microsoft.windows.common-controls_6595b64144ccf1df_6.0.22000.120_none_9d947278b86cc467\COMCTL32.dll
0x00007ffbefae0000 - 0x00007ffbefb11000 	C:\WINDOWS\System32\IMM32.DLL
0x00007ffbe1f50000 - 0x00007ffbe1f65000 	C:\Program Files\Java\jre1.8.0_281\bin\vcruntime140.dll
0x00007ffbc23b0000 - 0x00007ffbc244b000 	C:\Program Files\Java\jre1.8.0_281\bin\msvcp140.dll
0x00000000673a0000 - 0x0000000067bff000 	C:\Program Files\Java\jre1.8.0_281\bin\server\jvm.dll
0x00007ffbee3e0000 - 0x00007ffbee3e8000 	C:\WINDOWS\System32\PSAPI.DLL
0x00007ffbe9e90000 - 0x00007ffbe9e99000 	C:\WINDOWS\SYSTEM32\WSOCK32.dll
0x00007ffbefb20000 - 0x00007ffbefb8f000 	C:\WINDOWS\System32\WS2_32.dll
0x00007ffbe7a70000 - 0x00007ffbe7aa3000 	C:\WINDOWS\SYSTEM32\WINMM.dll
0x00007ffbe5e20000 - 0x00007ffbe5e2a000 	C:\WINDOWS\SYSTEM32\VERSION.dll
0x00007ffbecad0000 - 0x00007ffbecae8000 	C:\WINDOWS\SYSTEM32\kernel.appcore.dll
0x00007ffbe3000000 - 0x00007ffbe3010000 	C:\Program Files\Java\jre1.8.0_281\bin\verify.dll
0x00007ffba3640000 - 0x00007ffba366b000 	C:\Program Files\Java\jre1.8.0_281\bin\java.dll
0x00007ffbb6c90000 - 0x00007ffbb6ca8000 	C:\Program Files\Java\jre1.8.0_281\bin\zip.dll
0x00007ffbeea10000 - 0x00007ffbef1c8000 	C:\WINDOWS\System32\SHELL32.dll
0x00007ffbeba60000 - 0x00007ffbec2c7000 	C:\WINDOWS\SYSTEM32\windows.storage.dll
0x00007ffbee3f0000 - 0x00007ffbee769000 	C:\WINDOWS\System32\combase.dll
0x00007ffbeb8f0000 - 0x00007ffbeba56000 	C:\WINDOWS\SYSTEM32\wintypes.dll
0x00007ffbee290000 - 0x00007ffbee37a000 	C:\WINDOWS\System32\SHCORE.dll
0x00007ffbef900000 - 0x00007ffbef95d000 	C:\WINDOWS\System32\shlwapi.dll
0x00007ffbed810000 - 0x00007ffbed831000 	C:\WINDOWS\SYSTEM32\profapi.dll

VM Arguments:
jvm_args: -Dfile.encoding=MS949 
java_command: ex5_work.Ex1_work
java_class_path (initial): C:\java_web_14\work\Ex_0811\bin
Launcher Type: SUN_STANDARD

Environment Variables:
PATH=C:/Program Files/Java/jre1.8.0_281/bin/server;C:/Program Files/Java/jre1.8.0_281/bin;C:/Program Files/Java/jre1.8.0_281/lib/amd64;C:\Program Files (x86)\Common Files\Oracle\Java\javapath;C:\Windows\system32;C:\Windows;C:\Windows\System32\Wbem;C:\Windows\System32\WindowsPowerShell\v1.0\;C:\Windows\System32\OpenSSH\;C:\Program Files\NVIDIA Corporation\NVIDIA NvDLISR;C:\WINDOWS\system32;C:\WINDOWS;C:\WINDOWS\System32\Wbem;C:\WINDOWS\System32\WindowsPowerShell\v1.0\;C:\WINDOWS\System32\OpenSSH\;C:\Program Files\Bandizip\;C:\Users\sksh0\AppData\Local\Microsoft\WindowsApps;;C:\Users\sksh0\AppData\Local\afreeca;C:\Users\sksh0\AppData\Local\Programs\Microsoft VS Code\bin;C:\java_web_14\util\eclipse;
USERNAME=sksh0
OS=Windows_NT
PROCESSOR_IDENTIFIER=Intel64 Family 6 Model 165 Stepping 2, GenuineIntel



---------------  S Y S T E M  ---------------

OS: Windows 10.0 , 64 bit Build 22000 (10.0.22000.708)

CPU:total 12 (initial active 12) (6 cores per cpu, 2 threads per core) family 6 model 165 stepping 2, cmov, cx8, fxsr, mmx, sse, sse2, sse3, ssse3, sse4.1, sse4.2, popcnt, avx, avx2, aes, clmul, erms, 3dnowpref, lzcnt, ht, tsc, tscinvbit, bmi1, bmi2, adx

Memory: 4k page, physical 16682800k(2941944k free), swap 31409680k(3244k free)

vm_info: Java HotSpot(TM) 64-Bit Server VM (25.281-b09) for windows-amd64 JRE (1.8.0_281-b09), built on Dec  9 2020 13:54:07 by "" with MS VC++ 15.9 (VS2017)

time: Thu Aug 11 19:51:58 2022
timezone: 대한민국 표준시
elapsed time: 0.485176 seconds (0d 0h 0m 0s)

