#
# There is insufficient memory for the Java Runtime Environment to continue.
# Native memory allocation (malloc) failed to allocate 1048576 bytes for AllocateHeap
# Possible reasons:
#   The system is out of physical RAM or swap space
#   The process is running with CompressedOops enabled, and the Java Heap may be blocking the growth of the native heap
# Possible solutions:
#   Reduce memory load on the system
#   Increase physical memory or swap space
#   Check if swap backing store is full
#   Decrease Java heap size (-Xmx/-Xms)
#   Decrease number of Java threads
#   Decrease Java thread stack sizes (-Xss)
#   Set larger code cache with -XX:ReservedCodeCacheSize=
#   JVM is running with Zero Based Compressed Oops mode in which the Java heap is
#     placed in the first 32GB address space. The Java Heap base address is the
#     maximum limit for the native heap growth. Please use -XX:HeapBaseMinAddress
#     to set the Java Heap base and to place the Java Heap above 32GB virtual address.
# This output file may be truncated or incomplete.
#
#  Out of Memory Error (memory/allocation.inline.hpp:61), pid=3204, tid=0x0000000000002d88
#
# JRE version:  (8.0_281-b09) (build )
# Java VM: Java HotSpot(TM) 64-Bit Server VM (25.281-b09 mixed mode windows-amd64 compressed oops)
# Failed to write core dump. Minidumps are not enabled by default on client versions of Windows
#

---------------  T H R E A D  ---------------

Current thread (0x0000028cad76b800):  JavaThread "Unknown thread" [_thread_in_vm, id=11656, stack(0x0000009b42600000,0x0000009b42700000)]

Stack: [0x0000009b42600000,0x0000009b42700000]
Native frames: (J=compiled Java code, j=interpreted, Vv=VM code, C=native code)
V  [jvm.dll+0x32e5b9]
V  [jvm.dll+0x275012]
V  [jvm.dll+0x275cbd]
V  [jvm.dll+0x26c6f5]
V  [jvm.dll+0x509d]
V  [jvm.dll+0x3c96ec]
V  [jvm.dll+0x3c5a67]
V  [jvm.dll+0xfcaaf]
V  [jvm.dll+0x209a1b]
V  [jvm.dll+0x2383d7]
V  [jvm.dll+0x162566]
C  [javaw.exe+0x2322]
C  [javaw.exe+0x16544]
C  [KERNEL32.DLL+0x154e0]
C  [ntdll.dll+0x485b]


---------------  P R O C E S S  ---------------

Java Threads: ( => current thread )

Other Threads:

=>0x0000028cad76b800 (exited) JavaThread "Unknown thread" [_thread_in_vm, id=11656, stack(0x0000009b42600000,0x0000009b42700000)]

VM state:not at safepoint (normal execution)

VM Mutex/Monitor currently owned by a thread: None

heap address: 0x00000006c1600000, size: 4074 MB, Compressed Oops mode: Zero based, Oop shift amount: 3
Narrow klass base: 0x0000000000000000, Narrow klass shift: 3
Compressed class space size: 1073741824 Address: 0x00000007c0000000

Heap:
 PSYoungGen      total 76288K, used 1310K [0x000000076b200000, 0x0000000770700000, 0x00000007c0000000)
  eden space 65536K, 2% used [0x000000076b200000,0x000000076b347af0,0x000000076f200000)
  from space 10752K, 0% used [0x000000076fc80000,0x000000076fc80000,0x0000000770700000)
  to   space 10752K, 0% used [0x000000076f200000,0x000000076f200000,0x000000076fc80000)
 ParOldGen       total 175104K, used 0K [0x00000006c1600000, 0x00000006cc100000, 0x000000076b200000)
  object space 175104K, 0% used [0x00000006c1600000,0x00000006c1600000,0x00000006cc100000)
 Metaspace       used 753K, capacity 4480K, committed 4480K, reserved 1056768K
  class space    used 76K, capacity 384K, committed 384K, reserved 1048576K

Card table byte_map: [0x0000028cbe4d0000,0x0000028cbecd0000] byte_map_base: 0x0000028cbaec5000

Marking Bits: (ParMarkBitMap*) 0x0000000067b86ff0
 Begin Bits: [0x0000028cbf220000, 0x0000028cc31c8000)
 End Bits:   [0x0000028cc31c8000, 0x0000028cc7170000)

Polling page: 0x0000028cadab0000

CodeCache: size=245760Kb used=328Kb max_used=328Kb free=245431Kb
 bounds [0x0000028caf110000, 0x0000028caf380000, 0x0000028cbe110000]
 total_blobs=58 nmethods=0 adapters=38
 compilation: enabled

Compilation events (0 events):
No events

GC Heap History (0 events):
No events

Deoptimization events (0 events):
No events

Classes redefined (0 events):
No events

Internal exceptions (0 events):
No events

Events (10 events):
Event: 0.213 loading class java/lang/Short
Event: 0.213 loading class java/lang/Short done
Event: 0.213 loading class java/lang/Integer
Event: 0.213 loading class java/lang/Integer done
Event: 0.213 loading class java/lang/Long
Event: 0.213 loading class java/lang/Long done
Event: 0.240 loading class java/lang/NullPointerException
Event: 0.241 loading class java/lang/NullPointerException done
Event: 0.241 loading class java/lang/ArithmeticException
Event: 0.241 loading class java/lang/ArithmeticException done


Dynamic libraries:
0x00007ff68c920000 - 0x00007ff68c967000 	C:\Program Files\Java\jre1.8.0_281\bin\javaw.exe
0x00007ffbf0400000 - 0x00007ffbf0609000 	C:\WINDOWS\SYSTEM32\ntdll.dll
0x00007ffbefa20000 - 0x00007ffbefadd000 	C:\WINDOWS\System32\KERNEL32.DLL
0x00007ffbed960000 - 0x00007ffbedcd9000 	C:\WINDOWS\System32\KERNELBASE.dll
0x00007ffbeaa00000 - 0x00007ffbeaa91000 	C:\WINDOWS\SYSTEM32\apphelp.dll
0x00007ffbef960000 - 0x00007ffbefa0e000 	C:\WINDOWS\System32\ADVAPI32.dll
0x00007ffbeff80000 - 0x00007ffbf0023000 	C:\WINDOWS\System32\msvcrt.dll
0x00007ffbf0230000 - 0x00007ffbf02ce000 	C:\WINDOWS\System32\sechost.dll
0x00007ffbef1d0000 - 0x00007ffbef2f0000 	C:\WINDOWS\System32\RPCRT4.dll
0x00007ffbefcb0000 - 0x00007ffbefe5c000 	C:\WINDOWS\System32\USER32.dll
0x00007ffbedd80000 - 0x00007ffbedda6000 	C:\WINDOWS\System32\win32u.dll
0x00007ffbf0040000 - 0x00007ffbf0069000 	C:\WINDOWS\System32\GDI32.dll
0x00007ffbee000000 - 0x00007ffbee112000 	C:\WINDOWS\System32\gdi32full.dll
0x00007ffbedce0000 - 0x00007ffbedd7d000 	C:\WINDOWS\System32\msvcp_win.dll
0x00007ffbeddb0000 - 0x00007ffbedec1000 	C:\WINDOWS\System32\ucrtbase.dll
0x00007ffbd0930000 - 0x00007ffbd0bd5000 	C:\WINDOWS\WinSxS\amd64_microsoft.windows.common-controls_6595b64144ccf1df_6.0.22000.120_none_9d947278b86cc467\COMCTL32.dll
0x00007ffbefae0000 - 0x00007ffbefb11000 	C:\WINDOWS\System32\IMM32.DLL
0x00007ffbe1f50000 - 0x00007ffbe1f65000 	C:\Program Files\Java\jre1.8.0_281\bin\vcruntime140.dll
0x00007ffbc23b0000 - 0x00007ffbc244b000 	C:\Program Files\Java\jre1.8.0_281\bin\msvcp140.dll
0x00000000673a0000 - 0x0000000067bff000 	C:\Program Files\Java\jre1.8.0_281\bin\server\jvm.dll
0x00007ffbee3e0000 - 0x00007ffbee3e8000 	C:\WINDOWS\System32\PSAPI.DLL
0x00007ffbe9e90000 - 0x00007ffbe9e99000 	C:\WINDOWS\SYSTEM32\WSOCK32.dll
0x00007ffbefb20000 - 0x00007ffbefb8f000 	C:\WINDOWS\System32\WS2_32.dll
0x00007ffbe7a70000 - 0x00007ffbe7aa3000 	C:\WINDOWS\SYSTEM32\WINMM.dll
0x00007ffbe5e20000 - 0x00007ffbe5e2a000 	C:\WINDOWS\SYSTEM32\VERSION.dll
0x00007ffbecad0000 - 0x00007ffbecae8000 	C:\WINDOWS\SYSTEM32\kernel.appcore.dll
0x00007ffbe3000000 - 0x00007ffbe3010000 	C:\Program Files\Java\jre1.8.0_281\bin\verify.dll
0x00007ffba3640000 - 0x00007ffba366b000 	C:\Program Files\Java\jre1.8.0_281\bin\java.dll
0x00007ffbb6c90000 - 0x00007ffbb6ca8000 	C:\Program Files\Java\jre1.8.0_281\bin\zip.dll
0x00007ffbeb2f0000 - 0x00007ffbeb511000 	C:\WINDOWS\SYSTEM32\dbghelp.dll
0x00007ffbed8e0000 - 0x00007ffbed95f000 	C:\WINDOWS\System32\bcryptPrimitives.dll

VM Arguments:
jvm_args: -Dfile.encoding=MS949 
java_command: ex5_work.Ex1_work
java_class_path (initial): C:\java_web_14\work\Ex_0811\bin
Launcher Type: SUN_STANDARD

Environment Variables:
PATH=C:/Program Files/Java/jre1.8.0_281/bin/server;C:/Program Files/Java/jre1.8.0_281/bin;C:/Program Files/Java/jre1.8.0_281/lib/amd64;C:\Program Files (x86)\Common Files\Oracle\Java\javapath;C:\Windows\system32;C:\Windows;C:\Windows\System32\Wbem;C:\Windows\System32\WindowsPowerShell\v1.0\;C:\Windows\System32\OpenSSH\;C:\Program Files\NVIDIA Corporation\NVIDIA NvDLISR;C:\WINDOWS\system32;C:\WINDOWS;C:\WINDOWS\System32\Wbem;C:\WINDOWS\System32\WindowsPowerShell\v1.0\;C:\WINDOWS\System32\OpenSSH\;C:\Program Files\Bandizip\;C:\Users\sksh0\AppData\Local\Microsoft\WindowsApps;;C:\Users\sksh0\AppData\Local\afreeca;C:\Users\sksh0\AppData\Local\Programs\Microsoft VS Code\bin;C:\java_web_14\util\eclipse;
USERNAME=sksh0
OS=Windows_NT
PROCESSOR_IDENTIFIER=Intel64 Family 6 Model 165 Stepping 2, GenuineIntel



---------------  S Y S T E M  ---------------

OS: Windows 10.0 , 64 bit Build 22000 (10.0.22000.708)

CPU:total 12 (initial active 12) (6 cores per cpu, 2 threads per core) family 6 model 165 stepping 2, cmov, cx8, fxsr, mmx, sse, sse2, sse3, ssse3, sse4.1, sse4.2, popcnt, avx, avx2, aes, clmul, erms, 3dnowpref, lzcnt, ht, tsc, tscinvbit, bmi1, bmi2, adx

Memory: 4k page, physical 16682800k(2944924k free), swap 31409680k(906320k free)

vm_info: Java HotSpot(TM) 64-Bit Server VM (25.281-b09) for windows-amd64 JRE (1.8.0_281-b09), built on Dec  9 2020 13:54:07 by "" with MS VC++ 15.9 (VS2017)

time: Thu Aug 11 19:51:58 2022
timezone: 대한민국 표준시
elapsed time: 0.638320 seconds (0d 0h 0m 0s)

